"../../../../../../Users/S177026/Documents/ILP-HUB/ILP_Hub/Content/Cutscenes/Sequence/shots/shot0010/shot0010_001.uasset" 0
"../../../../../../Users/S177026/Documents/ILP-HUB/ILP_Hub/Content/Cutscenes/Sequence/shots/shot0020/shot0020_001.uasset" 1
"../../../../../../Users/S177026/Documents/ILP-HUB/ILP_Hub/Content/Cutscenes/Sequence/shots/shot0030/shot0030_001.uasset" 2
"../../../../../../Users/S177026/Documents/ILP-HUB/ILP_Hub/Content/Cutscenes/Sequence/shots/shot0040/shot0040_001.uasset" 3
"../../../../../../Users/S177026/Documents/ILP-HUB/ILP_Hub/Content/Cutscenes/Sequence/shots/shot0050/shot0050_001.uasset" 4
"../../../../../../Users/S177026/Documents/ILP-HUB/ILP_Hub/Content/Cutscenes/Sequence/SequenceMaster.uasset" 5
"../../../../../../Users/S177026/Documents/ILP-HUB/ILP_Hub/Content/ParticleEffects/Enchantment.uasset" 6
"../../../Engine/Content/EngineMaterials/OrientParticle.uasset" 7
"../../../Engine/Content/EngineMaterials/DefaultParticle.uasset" 8
"../../../../../../Users/S177026/Documents/ILP-HUB/ILP_Hub/Content/ParticleEffects/Explosion.uasset" 9
"../../../../../../Users/S177026/Documents/ILP-HUB/ILP_Hub/Content/ParticleEffects/Fire.uasset" 10
"../../../../../../Users/S177026/Documents/ILP-HUB/ILP_Hub/Content/ParticleEffects/Fog.uasset" 11
"../../../../../../Users/S177026/Documents/ILP-HUB/ILP_Hub/Content/ParticleEffects/Lightning.uasset" 12
"../../../../../../Users/S177026/Documents/ILP-HUB/ILP_Hub/Content/ParticleEffects/Rain.uasset" 13
"../../../../../../Users/S177026/Documents/ILP-HUB/ILP_Hub/Content/ParticleEffects/Spell.uasset" 14
"../../../../../../Users/S177026/Documents/ILP-HUB/ILP_Hub/Content/ParticleEffects/Torch.uasset" 15
"../../../../../../Users/S177026/Documents/ILP-HUB/ILP_Hub/Content/StarterContent/Materials/M_Basic_Floor.uasset" 16
"../../../../../../Users/S177026/Documents/ILP-HUB/ILP_Hub/Content/StarterContent/Architecture/Floor_400x400.uasset" 17
"../../../../../../Users/S177026/Documents/ILP-HUB/ILP_Hub/Content/StarterContent/Materials/M_Basic_Wall.uasset" 18
"../../../../../../Users/S177026/Documents/ILP-HUB/ILP_Hub/Content/StarterContent/Architecture/Pillar_50x500.uasset" 19
"../../../../../../Users/S177026/Documents/ILP-HUB/ILP_Hub/Content/StarterContent/Materials/M_AssetPlatform.uasset" 20
"../../../../../../Users/S177026/Documents/ILP-HUB/ILP_Hub/Content/StarterContent/Architecture/SM_AssetPlatform.uasset" 21
"../../../../../../Users/S177026/Documents/ILP-HUB/ILP_Hub/Content/StarterContent/Architecture/Wall_400x200.uasset" 22
"../../../../../../Users/S177026/Documents/ILP-HUB/ILP_Hub/Content/StarterContent/Architecture/Wall_400x300.uasset" 23
"../../../../../../Users/S177026/Documents/ILP-HUB/ILP_Hub/Content/StarterContent/Architecture/Wall_400x400.uasset" 24
"../../../../../../Users/S177026/Documents/ILP-HUB/ILP_Hub/Content/StarterContent/Architecture/Wall_500x500.uasset" 25
"../../../../../../Users/S177026/Documents/ILP-HUB/ILP_Hub/Content/StarterContent/Architecture/Wall_Door_400x300.uasset" 26
"../../../../../../Users/S177026/Documents/ILP-HUB/ILP_Hub/Content/StarterContent/Architecture/Wall_Door_400x400.uasset" 27
"../../../../../../Users/S177026/Documents/ILP-HUB/ILP_Hub/Content/StarterContent/Architecture/Wall_Window_400x300.uasset" 28
"../../../../../../Users/S177026/Documents/ILP-HUB/ILP_Hub/Content/StarterContent/Architecture/Wall_Window_400x400.uasset" 29
"../../../../../../Users/S177026/Documents/ILP-HUB/ILP_Hub/Content/StarterContent/FirstPerson/Character/Mesh/SK_Mannequin_Arms_Skeleton.uasset" 30
"../../../../../../Users/S177026/Documents/ILP-HUB/ILP_Hub/Content/StarterContent/FirstPerson/Animations/FirstPerson_Fire.uasset" 31
"../../../../../../Users/S177026/Documents/ILP-HUB/ILP_Hub/Content/StarterContent/FirstPerson/Animations/FirstPersonFire_Montage.uasset" 32
"../../../../../../Users/S177026/Documents/ILP-HUB/ILP_Hub/Content/StarterContent/FirstPerson/Animations/FirstPerson_Idle.uasset" 33
"../../../../../../Users/S177026/Documents/ILP-HUB/ILP_Hub/Content/StarterContent/FirstPerson/Animations/FirstPerson_JumpEnd.uasset" 34
"../../../../../../Users/S177026/Documents/ILP-HUB/ILP_Hub/Content/StarterContent/FirstPerson/Animations/FirstPerson_JumpLoop.uasset" 35
"../../../../../../Users/S177026/Documents/ILP-HUB/ILP_Hub/Content/StarterContent/FirstPerson/Animations/FirstPerson_JumpStart.uasset" 36
"../../../../../../Users/S177026/Documents/ILP-HUB/ILP_Hub/Content/StarterContent/FirstPerson/Animations/FirstPerson_Run.uasset" 37
"../../../Engine/Content/EditorBlueprintResources/StandardMacros.uasset" 38
"../../../../../../Users/S177026/Documents/ILP-HUB/ILP_Hub/Content/StarterContent/FirstPerson/Animations/FirstPerson_AnimBP.uasset" 39
"../../../../../../Users/S177026/Documents/ILP-HUB/ILP_Hub/Content/StarterContent/FirstPerson/Audio/FirstPersonTemplateWeaponFire02.uasset" 40
"../../../Engine/Content/Functions/Engine_MaterialFunctions02/Utility/BlendAngleCorrectedNormals.uasset" 41
"../../../Engine/Content/Functions/MaterialLayerFunctions/MatLayerBlend_NormalBlend.uasset" 42
"../../../Engine/Content/Functions/MaterialLayerFunctions/MatLayerBlend_Simple.uasset" 43
"../../../../../../Users/S177026/Documents/ILP-HUB/ILP_Hub/Content/StarterContent/FirstPerson/Character/Materials/MaterialLayers/T_ML_Rubber_Blue_01_D.uasset" 44
"../../../../../../Users/S177026/Documents/ILP-HUB/ILP_Hub/Content/StarterContent/FirstPerson/Character/Materials/MaterialLayers/T_ML_Rubber_Blue_01_N.uasset" 45
"../../../../../../Users/S177026/Documents/ILP-HUB/ILP_Hub/Content/StarterContent/FirstPerson/Character/Materials/MaterialLayers/ML_GlossyBlack_Latex_UE4.uasset" 46
"../../../../../../Users/S177026/Documents/ILP-HUB/ILP_Hub/Content/StarterContent/FirstPerson/Character/Materials/MaterialLayers/ML_Plastic_Shiny_Beige.uasset" 47
"../../../../../../Users/S177026/Documents/ILP-HUB/ILP_Hub/Content/StarterContent/FirstPerson/Character/Textures/UE4_LOGO_CARD.uasset" 48
"../../../../../../Users/S177026/Documents/ILP-HUB/ILP_Hub/Content/StarterContent/FirstPerson/Character/Materials/MaterialLayers/ML_Plastic_Shiny_Beige_LOGO.uasset" 49
"../../../../../../Users/S177026/Documents/ILP-HUB/ILP_Hub/Content/StarterContent/FirstPerson/Character/Materials/MaterialLayers/T_ML_Aluminum01.uasset" 50
"../../../../../../Users/S177026/Documents/ILP-HUB/ILP_Hub/Content/StarterContent/FirstPerson/Character/Materials/MaterialLayers/T_ML_Aluminum01_N.uasset" 51
"../../../../../../Users/S177026/Documents/ILP-HUB/ILP_Hub/Content/StarterContent/FirstPerson/Character/Materials/MaterialLayers/ML_SoftMetal_UE4.uasset" 52
"../../../../../../Users/S177026/Documents/ILP-HUB/ILP_Hub/Content/StarterContent/FirstPerson/Character/Textures/UE4_Mannequin__normals.uasset" 53
"../../../../../../Users/S177026/Documents/ILP-HUB/ILP_Hub/Content/StarterContent/FirstPerson/Character/Textures/UE4_Mannequin_MAT_MASKA.uasset" 54
"../../../../../../Users/S177026/Documents/ILP-HUB/ILP_Hub/Content/StarterContent/FirstPerson/Character/Materials/M_UE4Man_Body.uasset" 55
"../../../../../../Users/S177026/Documents/ILP-HUB/ILP_Hub/Content/StarterContent/FirstPerson/Character/Mesh/SK_Mannequin_Arms_PhysicsAsset.uasset" 56
"../../../../../../Users/S177026/Documents/ILP-HUB/ILP_Hub/Content/StarterContent/FirstPerson/Character/Mesh/SK_Mannequin_Arms.uasset" 57
"../../../../../../Users/S177026/Documents/ILP-HUB/ILP_Hub/Content/StarterContent/FirstPerson/FPWeapon/Materials/MaterialLayers/ML_Plastic_Shiny_Beige_LOGO.uasset" 58
"../../../../../../Users/S177026/Documents/ILP-HUB/ILP_Hub/Content/StarterContent/FirstPerson/FPWeapon/Materials/MaterialLayers/T_ML_FineRubber.uasset" 59
"../../../../../../Users/S177026/Documents/ILP-HUB/ILP_Hub/Content/StarterContent/FirstPerson/FPWeapon/Materials/MaterialLayers/T_ML_Rubber_Blue_01_D.uasset" 60
"../../../../../../Users/S177026/Documents/ILP-HUB/ILP_Hub/Content/StarterContent/FirstPerson/FPWeapon/Materials/MaterialLayers/T_ML_Rubber_Blue_01_N.uasset" 61
"../../../../../../Users/S177026/Documents/ILP-HUB/ILP_Hub/Content/StarterContent/FirstPerson/FPWeapon/Materials/MaterialLayers/ML_GlossyBlack_Latex_UE4.uasset" 62
"../../../../../../Users/S177026/Documents/ILP-HUB/ILP_Hub/Content/StarterContent/FirstPerson/FPWeapon/Materials/MaterialLayers/ML_Plastic_Shiny_Beige.uasset" 63
"../../../../../../Users/S177026/Documents/ILP-HUB/ILP_Hub/Content/StarterContent/FirstPerson/FPWeapon/Materials/MaterialLayers/ML_Screen.uasset" 64
"../../../../../../Users/S177026/Documents/ILP-HUB/ILP_Hub/Content/StarterContent/FirstPerson/FPWeapon/Materials/MaterialLayers/T_ML_Aluminum01.uasset" 65
"../../../../../../Users/S177026/Documents/ILP-HUB/ILP_Hub/Content/StarterContent/FirstPerson/FPWeapon/Materials/MaterialLayers/T_ML_Aluminum01_N.uasset" 66
"../../../../../../Users/S177026/Documents/ILP-HUB/ILP_Hub/Content/StarterContent/FirstPerson/FPWeapon/Materials/MaterialLayers/ML_SoftMetal_UE4.uasset" 67
"../../../../../../Users/S177026/Documents/ILP-HUB/ILP_Hub/Content/StarterContent/FirstPerson/FPWeapon/Textures/T_FPGun_M.uasset" 68
"../../../../../../Users/S177026/Documents/ILP-HUB/ILP_Hub/Content/StarterContent/FirstPerson/FPWeapon/Textures/T_FPGun_N.uasset" 69
"../../../../../../Users/S177026/Documents/ILP-HUB/ILP_Hub/Content/StarterContent/FirstPerson/FPWeapon/Materials/M_FPGun.uasset" 70
"../../../../../../Users/S177026/Documents/ILP-HUB/ILP_Hub/Content/StarterContent/FirstPerson/FPWeapon/Mesh/SK_FPGun_Skeleton.uasset" 71
"../../../../../../Users/S177026/Documents/ILP-HUB/ILP_Hub/Content/StarterContent/FirstPerson/FPWeapon/Mesh/SK_FPGun.uasset" 72
"../../../../../../Users/S177026/Documents/ILP-HUB/ILP_Hub/Content/StarterContent/FirstPerson/FPWeapon/Mesh/SK_FPGun_PhysicsAsset.uasset" 73
"../../../../../../Users/S177026/Documents/ILP-HUB/ILP_Hub/Content/StarterContent/FirstPerson/Meshes/BaseMaterial.uasset" 74
"../../../../../../Users/S177026/Documents/ILP-HUB/ILP_Hub/Content/StarterContent/FirstPerson/Meshes/FirstPersonProjectileMaterial.uasset" 75
"../../../../../../Users/S177026/Documents/ILP-HUB/ILP_Hub/Content/StarterContent/FirstPerson/Meshes/FirstPersonProjectileMesh.uasset" 76
"../../../../../../Users/S177026/Documents/ILP-HUB/ILP_Hub/Content/StarterContent/FirstPersonBP/Blueprints/FirstPersonProjectile.uasset" 77
"../../../../../../Users/S177026/Documents/ILP-HUB/ILP_Hub/Content/StarterContent/Geometry/Meshes/CubeMaterial.uasset" 78
"../../../../../../Users/S177026/Documents/ILP-HUB/ILP_Hub/Content/StarterContent/Geometry/Meshes/1M_Cube.uasset" 79
"../../../../../../Users/S177026/Documents/ILP-HUB/ILP_Hub/Content/StarterContent/Geometry/Meshes/1M_Cube_Chamfer.uasset" 80
"../../../../../../Users/S177026/Documents/ILP-HUB/ILP_Hub/Content/StarterContent/Geometry/Meshes/TemplateFloor.uasset" 81
"../../../../../../Users/S177026/Documents/ILP-HUB/ILP_Hub/Content/StarterContent/Models/Meshes/SM_Base.uasset" 82
"../../../../../../Users/S177026/Documents/ILP-HUB/ILP_Hub/Content/StarterContent/Models/Meshes/SM_BaseRoom.uasset" 83
"../../../../../../Users/S177026/Documents/ILP-HUB/ILP_Hub/Content/StarterContent/Models/Meshes/SM_BaseTrimSquare.uasset" 84
"../../../../../../Users/S177026/Documents/ILP-HUB/ILP_Hub/Content/StarterContent/Models/Meshes/SM_Button.uasset" 85
"../../../../../../Users/S177026/Documents/ILP-HUB/ILP_Hub/Content/StarterContent/Models/Meshes/SM_DemoCube.uasset" 86
"../../../../../../Users/S177026/Documents/ILP-HUB/ILP_Hub/Content/StarterContent/Models/Meshes/SM_DemoDivider_1.uasset" 87
"../../../../../../Users/S177026/Documents/ILP-HUB/ILP_Hub/Content/StarterContent/Models/Meshes/SM_DemoDivider_2.uasset" 88
"../../../Engine/Content/Functions/Engine_MaterialFunctions01/Opacity/CameraDepthFade.uasset" 89
"../../../Engine/Content/EngineMaterials/T_Default_Material_Grid_M.uasset" 90
"../../../Engine/Content/EngineMaterials/T_Default_Material_Grid_N.uasset" 91
"../../../Engine/Content/EngineMaterials/WorldGridMaterial.uasset" 92
"../../../../../../Users/S177026/Documents/ILP-HUB/ILP_Hub/Content/StarterContent/Models/Meshes/SM_DemoPlate.uasset" 93
"../../../../../../Users/S177026/Documents/ILP-HUB/ILP_Hub/Content/StarterContent/Models/Meshes/SM_DemoRoomBackWall.uasset" 94
"../../../../../../Users/S177026/Documents/ILP-HUB/ILP_Hub/Content/StarterContent/Models/Meshes/SM_DemoRoomBackWall2.uasset" 95
"../../../../../../Users/S177026/Documents/ILP-HUB/ILP_Hub/Content/StarterContent/Models/Meshes/SM_DemoRoomBox.uasset" 96
"../../../../../../Users/S177026/Documents/ILP-HUB/ILP_Hub/Content/StarterContent/Models/Meshes/SM_DemoRoomClamp.uasset" 97
"../../../../../../Users/S177026/Documents/ILP-HUB/ILP_Hub/Content/StarterContent/Models/Meshes/SM_DemoRoomClamp2.uasset" 98
"../../../../../../Users/S177026/Documents/ILP-HUB/ILP_Hub/Content/StarterContent/Models/Meshes/SM_DemoRoomL.uasset" 99
"../../../../../../Users/S177026/Documents/ILP-HUB/ILP_Hub/Content/StarterContent/Models/Meshes/SM_DemoRoomLTrim.uasset" 100
"../../../../../../Users/S177026/Documents/ILP-HUB/ILP_Hub/Content/StarterContent/Models/Meshes/SM_DemoRoomTrim.uasset" 101
"../../../../../../Users/S177026/Documents/ILP-HUB/ILP_Hub/Content/StarterContent/Models/Meshes/SM_DemoRoomTrim2.uasset" 102
"../../../../../../Users/S177026/Documents/ILP-HUB/ILP_Hub/Content/StarterContent/Models/Meshes/SM_DemoRoomTrimAdd.uasset" 103
"../../../../../../Users/S177026/Documents/ILP-HUB/ILP_Hub/Content/StarterContent/Models/Meshes/SM_DemoRoomU.uasset" 104
"../../../../../../Users/S177026/Documents/ILP-HUB/ILP_Hub/Content/StarterContent/Models/Meshes/SM_DemoRoomU2.uasset" 105
"../../../../../../Users/S177026/Documents/ILP-HUB/ILP_Hub/Content/StarterContent/Models/Meshes/SM_DemoRoomU_Hole.uasset" 106
"../../../../../../Users/S177026/Documents/ILP-HUB/ILP_Hub/Content/StarterContent/Models/Meshes/SM_DemoSurface.uasset" 107
"../../../../../../Users/S177026/Documents/ILP-HUB/ILP_Hub/Content/StarterContent/Models/Meshes/SM_Door.uasset" 108
"../../../../../../Users/S177026/Documents/ILP-HUB/ILP_Hub/Content/StarterContent/Models/Meshes/SM_GraphFrame.uasset" 109
"../../../../../../Users/S177026/Documents/ILP-HUB/ILP_Hub/Content/StarterContent/Models/Meshes/SM_LightSculpture.uasset" 110
"../../../../../../Users/S177026/Documents/ILP-HUB/ILP_Hub/Content/StarterContent/Models/Meshes/SM_NamePlate.uasset" 111
"../../../../../../Users/S177026/Documents/ILP-HUB/ILP_Hub/Content/StarterContent/Models/Meshes/SM_Slider1.uasset" 112
"../../../../../../Users/S177026/Documents/ILP-HUB/ILP_Hub/Content/StarterContent/Models/Meshes/SM_SliderBase.uasset" 113
"../../../../../../Users/S177026/Documents/ILP-HUB/ILP_Hub/Content/StarterContent/Models/Meshes/SM_UE4_Logo.uasset" 114
"../../../../../../Users/S177026/Documents/ILP-HUB/ILP_Hub/Content/StarterContent/Models/Meshes/SM_URoom_Wall.uasset" 115
"../../../../../../Users/S177026/Documents/ILP-HUB/ILP_Hub/Content/StarterContent/Models/Meshes/SM_URoom_Wall2.uasset" 116
"../../../Engine/Content/ArtTools/RenderToTexture/Meshes/S_1_Unit_Plane.uasset" 117
"../../../Engine/Content/EngineMaterials/DefaultMaterial.uasset" 118
"../../../Engine/Content/BasicShapes/Cone.uasset" 119
"../../../Engine/Content/BasicShapes/Cube.uasset" 120
"../../../Engine/Content/BasicShapes/Cylinder.uasset" 121
"../../../Engine/Content/BasicShapes/Plane.uasset" 122
"../../../Engine/Content/BasicShapes/Sphere.uasset" 123
"../../../Engine/Content/EditorLandscapeResources/DataLayer.uasset" 124
"../../../Engine/Content/EditorMaterials/GizmoMaterial.uasset" 125
"../../../Engine/Content/EditorMaterials/MAT_Groups_Toggle.uasset" 126
"../../../Engine/Content/EditorMaterials/MAT_Groups_Visibility.uasset" 127
"../../../Engine/Content/EditorMaterials/PreviewShadowIndicator.uasset" 128
"../../../Engine/Content/EditorMaterials/PreviewShadowIndicatorMaterial.uasset" 129
"../../../Engine/Content/EditorMaterials/MatineeGroups/MAT_ColorTrack.uasset" 130
"../../../Engine/Content/EditorMaterials/MatineeGroups/MAT_Groups_Anim.uasset" 131
"../../../Engine/Content/EditorMaterials/MatineeGroups/MAT_Groups_AudioMaster.uasset" 132
"../../../Engine/Content/EditorMaterials/MatineeGroups/MAT_Groups_Director.uasset" 133
"../../../Engine/Content/EditorMaterials/MatineeGroups/MAT_Groups_Event.uasset" 134
"../../../Engine/Content/EditorMaterials/MatineeGroups/MAT_Groups_Fade.uasset" 135
"../../../Engine/Content/EditorMaterials/MatineeGroups/MAT_Groups_Float.uasset" 136
"../../../Engine/Content/EditorMaterials/MatineeGroups/MAT_Groups_Move.uasset" 137
"../../../Engine/Content/EditorMaterials/MatineeGroups/MAT_Groups_Slomo.uasset" 138
"../../../Engine/Content/EditorMaterials/MatineeGroups/MAT_Groups_Sound.uasset" 139
"../../../Engine/Content/EditorMaterials/MatineeGroups/MAT_Groups_Vector.uasset" 140
"../../../Engine/Content/EditorMaterials/ParticleSystems/PSysThumbnail_NoImage.uasset" 141
"../../../Engine/Content/EditorMaterials/ParticleSystems/PSysThumbnail_OOD.uasset" 142
"../../../Engine/Content/EditorMaterials/Camera/CineMat.uasset" 143
"../../../Engine/Content/EditorMaterials/Camera/MI_CineMat_Rig.uasset" 144
"../../../Engine/Content/EditorMeshes/Camera/SM_CraneRig_Arm.uasset" 145
"../../../Engine/Content/EditorMeshes/Camera/SM_CraneRig_Base.uasset" 146
"../../../Engine/Content/EditorMeshes/Camera/SM_CraneRig_Body.uasset" 147
"../../../Engine/Content/EditorMeshes/Camera/SM_CraneRig_Mount.uasset" 148
"../../../Engine/Content/EditorMeshes/Camera/SM_RailRig_Mount.uasset" 149
"../../../Engine/Content/EditorMeshes/Camera/SM_RailRig_Track.uasset" 150
"../../../Engine/Content/EditorResources/BSPVertex.uasset" 151
"../../../Engine/Content/EditorResources/EmptyActor.uasset" 152
"../../../Engine/Content/EditorResources/S_Actor.uasset" 153
"../../../Engine/Content/EditorResources/S_Trigger.uasset" 154
"../../../Engine/Content/EditorResources/SequenceRecorder/Countdown.uasset" 155
"../../../Engine/Content/EditorResources/SequenceRecorder/RecordingIndicator.uasset" 156
"../../../Engine/Content/EditorSounds/Notifications/CompileFailed.uasset" 157
"../../../Engine/Content/EditorSounds/Notifications/CompileFailed_Cue.uasset" 158
"../../../Engine/Content/EditorSounds/Notifications/CompileSuccess.uasset" 159
"../../../Engine/Content/EditorSounds/Notifications/CompileStart_Cue.uasset" 160
"../../../Engine/Content/EditorSounds/Notifications/CompileSuccess_Cue.uasset" 161
"../../../Engine/Content/EngineDamageTypes/DmgTypeBP_Environmental.uasset" 162
"../../../Engine/Content/EngineDebugMaterials/HeatmapGradient.uasset" 163
"../../../Engine/Content/EngineDebugMaterials/BoneWeightMaterial.uasset" 164
"../../../Engine/Content/EngineDebugMaterials/ClothMaterial.uasset" 165
"../../../Engine/Content/EngineDebugMaterials/ClothMaterial_WF.uasset" 166
"../../../Engine/Content/EngineDebugMaterials/DebugEditorMaterial.uasset" 167
"../../../Engine/Content/EngineDebugMaterials/DebugMeshMaterial.uasset" 168
"../../../Engine/Content/EngineDebugMaterials/GeomMaterial.uasset" 169
"../../../Engine/Content/EngineDebugMaterials/M_SimpleTranslucent.uasset" 170
"../../../Engine/Content/EngineFonts/Faces/RobotoBold.uasset" 171
"../../../Engine/Content/EngineFonts/Faces/RobotoBoldItalic.uasset" 172
"../../../Engine/Content/EngineFonts/Faces/RobotoItalic.uasset" 173
"../../../Engine/Content/EngineFonts/Faces/RobotoLight.uasset" 174
"../../../Engine/Content/EngineFonts/Faces/RobotoRegular.uasset" 175
"../../../Engine/Content/EngineFonts/Roboto.uasset" 176
"../../../Engine/Content/EngineFonts/Faces/RobotoTiny.uasset" 177
"../../../Engine/Content/EngineFonts/RobotoTiny.uasset" 178
"../../../Engine/Content/EngineMaterials/BaseFlattenDiffuseMap.uasset" 179
"../../../Engine/Content/EngineMaterials/BaseFlattenEmissiveMap.uasset" 180
"../../../Engine/Content/EngineMaterials/BaseFlattenGrayscaleMap.uasset" 181
"../../../Engine/Content/EngineMaterials/BaseFlattenNormalMap.uasset" 182
"../../../Engine/Content/EngineMaterials/BaseFlattenMaterial.uasset" 183
"../../../Engine/Content/EngineMaterials/DefaultBloomKernel.uasset" 184
"../../../Engine/Content/EngineMaterials/DefaultBokeh.uasset" 185
"../../../Engine/Content/EngineMaterials/DefaultDiffuse.uasset" 186
"../../../Engine/Content/EngineMaterials/DefaultDeferredDecalMaterial.uasset" 187
"../../../Engine/Content/EngineMaterials/DefaultLightFunctionMaterial.uasset" 188
"../../../Engine/Content/EngineMaterials/DefaultPhysicalMaterial.uasset" 189
"../../../Engine/Content/Functions/Engine_MaterialFunctions02/Utility/BreakOutFloat2Components.uasset" 190
"../../../Engine/Content/EngineMaterials/DefaultPostProcessMaterial.uasset" 191
"../../../Engine/Content/EngineFonts/RobotoDistanceField.uasset" 192
"../../../Engine/Content/EngineMaterials/DefaultTextMaterialOpaque.uasset" 193
"../../../Engine/Content/EngineMaterials/DefaultWhiteGrid.uasset" 194
"../../../Engine/Content/EngineMaterials/EditorBrushMaterial.uasset" 195
"../../../Engine/Content/EngineMaterials/Good64x64TilingNoiseHighFreq.uasset" 196
"../../../Engine/Content/EngineMaterials/MiniFont.uasset" 197
"../../../Engine/Content/EngineMaterials/InvalidLightmapSettings.uasset" 198
"../../../Engine/Content/EngineMaterials/M_InvalidLightmapSettings.uasset" 199
"../../../Engine/Content/Functions/Engine_MaterialFunctions02/WorldPositionOffset/CameraOffset.uasset" 200
"../../../Engine/Content/EngineMaterials/PhAT_JointLimitMaterial.uasset" 201
"../../../Engine/Content/EngineMaterials/PreintegratedSkinBRDF.uasset" 202
"../../../Engine/Content/EngineMaterials/RemoveSurfaceMaterial.uasset" 203
"../../../Engine/Content/EngineMaterials/WeightMapPlaceholderTexture.uasset" 204
"../../../Engine/Content/EngineResources/WhiteSquareTexture.uasset" 205
"../../../Engine/Content/EngineMaterials/Widget3DPassThrough.uasset" 206
"../../../Engine/Content/EngineMaterials/Widget3DPassThrough_Masked.uasset" 207
"../../../Engine/Content/EngineMaterials/Widget3DPassThrough_Opaque.uasset" 208
"../../../Engine/Content/EngineMaterials/Widget3DPassThrough_Masked_OneSided.uasset" 209
"../../../Engine/Content/EngineMaterials/Widget3DPassThrough_Opaque_OneSided.uasset" 210
"../../../Engine/Content/EngineMaterials/Widget3DPassThrough_Translucent.uasset" 211
"../../../Engine/Content/EngineMaterials/Widget3DPassThrough_Translucent_OneSided.uasset" 212
"../../../Engine/Content/EngineMeshes/Cylinder.uasset" 213
"../../../Engine/Content/EngineMeshes/Sphere.uasset" 214
"../../../Engine/Content/EngineResources/Black.uasset" 215
"../../../Engine/Content/EngineResources/DefaultTexture.uasset" 216
"../../../Engine/Content/EngineResources/DefaultTextureCube.uasset" 217
"../../../Engine/Content/EngineResources/DefaultVolumeTexture2D.uasset" 218
"../../../Engine/Content/EngineResources/DefaultVolumeTexture.uasset" 219
"../../../Engine/Content/EngineResources/GradientTexture0.uasset" 220
"../../../Engine/Content/EngineSounds/Master.uasset" 221
"../../../Engine/Content/Functions/Engine_MaterialFunctions01/Shading/ConvertFromDiffSpec.uasset" 222
"../../../Engine/Content/Functions/Engine_MaterialFunctions01/Shading/PowerToRoughness.uasset" 223
"../../../Engine/Content/Maps/Templates/Thumbnails/Default.uasset" 224
"../../../Engine/Content/Maps/Templates/Thumbnails/VR-Basic.uasset" 225
"../../../Engine/Content/MobileResources/T_MobileControls_texture.uasset" 226
"../../../Engine/Content/MobileResources/T_MobileMenu2.uasset" 227
"../../../Engine/Content/MobileResources/HUD/AnalogHat.uasset" 228
"../../../Engine/Content/MobileResources/HUD/VirtualJoystick_Background.uasset" 229
"../../../Engine/Content/MobileResources/HUD/VirtualJoystick_Thumb.uasset" 230
"../../../Engine/Content/MobileResources/HUD/DefaultVirtualJoysticks.uasset" 231
"../../../Engine/Content/MobileResources/HUD/LeftVirtualJoystickOnly.uasset" 232
"../../../Engine/Content/MobileResources/HUD/MobileHUDButton1_off.uasset" 233
"../../../Engine/Content/MobileResources/HUD/MobileHUDButton1_on.uasset" 234
"../../../Engine/Content/MobileResources/HUD/MobileHUDButton2_off.uasset" 235
"../../../Engine/Content/MobileResources/HUD/MobileHUDButton2_on.uasset" 236
"../../../Engine/Content/MobileResources/HUD/MobileHUDButton3.uasset" 237
"../../../Engine/Content/MobileResources/HUD/MobileHUDButtonFire.uasset" 238
"../../../Engine/Content/MobileResources/HUD/MobileHUDDirectionPad.uasset" 239
"../../../Engine/Content/MobileResources/HUD/MobileHUDDirectionPad2.uasset" 240
"../../../Engine/Content/MobileResources/HUD/MobileHUDDirectionPad3.uasset" 241
"../../../Engine/Content/MobileResources/HUD/MobileHUDDirectionStick.uasset" 242
"../../../Engine/Content/MobileResources/HUD/T_Castle_ThumbstickInner.uasset" 243
"../../../Engine/Content/MobileResources/HUD/T_Castle_ThumbstickOutter.uasset" 244
"../../../Engine/Content/Tutorial/ContentIntroCurve.uasset" 245
"../../../Engine/Content/Tutorial/Basics/TutorialAssets/icon_tab_Levels_40x.uasset" 246
"../../../Engine/Content/VREditor/LaserPointer/VR_LaserPower_01.uasset" 247
"../../../Engine/Content/VREditor/TransformGizmo/TransformGizmoMaterial.uasset" 248
"../../../Engine/Content/VREditor/TransformGizmo/TranslucentTransformGizmoMaterial.uasset" 249
"../../../Engine/Content/VREditor/TransformGizmo/BoundingBoxCorner.uasset" 250
"../../../Engine/Content/VREditor/TransformGizmo/BoundingBoxEdge.uasset" 251
"../../../Engine/Content/VREditor/TransformGizmo/PlaneTranslationHandle.uasset" 252
"../../../Engine/Content/VREditor/TransformGizmo/Main.uasset" 253
"../../../Engine/Content/VREditor/TransformGizmo/Xray.uasset" 254
"../../../Engine/Content/VREditor/TransformGizmo/SM_Sequencer_Key.uasset" 255
"../../../Engine/Content/VREditor/TransformGizmo/SM_Sequencer_Node.uasset" 256
"../../Plugins/2D/Paper2D/Content/PlaceholderTextures/DummySpriteTexture.uasset" 257
"../../Plugins/2D/Paper2D/Content/DummySprite.uasset" 258
"../../Plugins/2D/Paper2D/Content/DefaultPaperTerrainMaterial.uasset" 259
"../../Plugins/2D/Paper2D/Content/DefaultSpriteMaterial.uasset" 260
"../../Plugins/2D/Paper2D/Content/MaskedUnlitSpriteMaterial.uasset" 261
"../../Plugins/2D/Paper2D/Content/OpaqueUnlitSpriteMaterial.uasset" 262
"../../Plugins/Runtime/Oculus/OculusVR/Content/Materials/PokeAHoleMaterial.uasset" 263
"../../Plugins/Runtime/Oculus/OculusVR/Content/Textures/GearVRController_AO.uasset" 264
"../../Plugins/Runtime/Oculus/OculusVR/Content/Textures/GearVRController_Color.uasset" 265
"../../Plugins/Runtime/Oculus/OculusVR/Content/Textures/GearVRController_Normal.uasset" 266
"../../Plugins/Runtime/Oculus/OculusVR/Content/Materials/GearVRControllerMaterial.uasset" 267
"../../Plugins/Runtime/Oculus/OculusVR/Content/Meshes/GearVrController.uasset" 268
"../../Plugins/Runtime/Oculus/OculusVR/Content/Textures/touchController_albedo.uasset" 269
"../../Plugins/Runtime/Oculus/OculusVR/Content/Textures/touchController_controlmap.uasset" 270
"../../Plugins/Runtime/Oculus/OculusVR/Content/Materials/touchController_mat.uasset" 271
"../../Plugins/Runtime/Oculus/OculusVR/Content/Meshes/LeftTouchController.uasset" 272
"../../Plugins/Runtime/Oculus/OculusVR/Content/Meshes/RiftHMD.uasset" 273
"../../Plugins/Runtime/Oculus/OculusVR/Content/Meshes/RightTouchController.uasset" 274
"../../../Engine/Content/EngineSky/C_Sky_Cloud_Color.uasset" 275
"../../../Engine/Content/EngineSky/C_Sky_Horizon_Color.uasset" 276
"../../../Engine/Content/EngineSky/C_Sky_Zenith_Color.uasset" 277
"../../../Engine/Content/EngineSky/T_Sky_Blue.uasset" 278
"../../../Engine/Content/EngineSky/T_Sky_Clouds_M.uasset" 279
"../../../Engine/Content/EngineSky/T_Sky_Stars.uasset" 280
"../../../Engine/Content/EngineSky/M_Sky_Panning_Clouds2.uasset" 281
"../../../Engine/Content/EngineSky/SM_SkySphere.uasset" 282
"../../../Engine/Content/EngineSky/BP_Sky_Sphere.uasset" 283
"../../../../../../Users/S177026/Documents/ILP-HUB/ILP_Hub/Content/StarterContent/FirstPerson/Meshes/CubeMaterialOverride.uasset" 284
"../../../../../../Users/S177026/Documents/ILP-HUB/ILP_Hub/Content/StarterContent/Models/Meshes/SM_Base2.uasset" 285
"../../../../../../Users/S177026/Documents/ILP-HUB/ILP_Hub/Content/StarterContent/Models/Meshes/SM_DoorLock.uasset" 286
"../../../../../../Users/S177026/Documents/ILP-HUB/ILP_Hub/Content/Blueprint/Level_Plates/Level_Change_Audio.uasset" 287
"../../../../../../Users/S177026/Documents/ILP-HUB/ILP_Hub/Content/Blueprint/Level_Plates/Level_Change_Cinematic.uasset" 288
"../../../../../../Users/S177026/Documents/ILP-HUB/ILP_Hub/Content/Blueprint/Level_Plates/Level_Change_FinalLevel.uasset" 289
"../../../../../../Users/S177026/Documents/ILP-HUB/ILP_Hub/Content/Blueprint/Level_Plates/Level_Change_Lighting.uasset" 290
"../../../../../../Users/S177026/Documents/ILP-HUB/ILP_Hub/Content/Blueprint/Level_Plates/Level_Change_UI.uasset" 291
"../../../../../../Users/S177026/Documents/ILP-HUB/ILP_Hub/Content/Blueprint/Level_Plates/Level_Change_Visual.uasset" 292
"../../../../../../Users/S177026/Documents/ILP-HUB/ILP_Hub/Content/StarterContent/FirstPersonBP/Blueprints/FirstPersonCharacter.uasset" 293
"../../../../../../Users/S177026/Documents/ILP-HUB/ILP_Hub/Content/StarterContent/FirstPerson/Textures/FirstPersonCrosshair.uasset" 294
"../../../../../../Users/S177026/Documents/ILP-HUB/ILP_Hub/Content/StarterContent/FirstPersonBP/Blueprints/FirstPersonHUD.uasset" 295
"../../../../../../Users/S177026/Documents/ILP-HUB/ILP_Hub/Content/StarterContent/FirstPersonBP/Blueprints/FirstPersonGameMode.uasset" 296
"../../../../../../Users/S177026/Documents/ILP-HUB/ILP_Hub/Content/Scenes/1_ILP_HUB_BuiltData.uasset" 297
"../../../../../../Users/S177026/Documents/ILP-HUB/ILP_Hub/Content/StarterContent/Models/Meshes/SM_Base_FlatWall.uasset" 298
"../../../../../../Users/S177026/Documents/ILP-HUB/ILP_Hub/Content/Scenes/1_ILP_HUB.umap" 299
"../../../../../../Users/S177026/Documents/ILP-HUB/ILP_Hub/Content/Blueprint/Level_Plates/Level_Change_Hub.uasset" 300
"../../../../../../Users/S177026/Documents/ILP-HUB/ILP_Hub/Content/Scenes/2_Audio_Showcase_BuiltData.uasset" 301
"../../../../../../Users/S177026/Documents/ILP-HUB/ILP_Hub/Content/Scenes/2_Audio_Showcase.umap" 302
"../../../../../../Users/S177026/Documents/ILP-HUB/ILP_Hub/Content/Scenes/3_Visual_Effects_BuiltData.uasset" 303
"../../../../../../Users/S177026/Documents/ILP-HUB/ILP_Hub/Content/Scenes/3_Visual_Effects.umap" 304
"../../../../../../Users/S177026/Documents/ILP-HUB/ILP_Hub/Content/Scenes/4_Lighting_BuiltData.uasset" 305
"../../../../../../Users/S177026/Documents/ILP-HUB/ILP_Hub/Content/Scenes/4_Lighting.umap" 306
"../../../../../../Users/S177026/Documents/ILP-HUB/ILP_Hub/Content/Scenes/5_Cinematics_BuiltData.uasset" 307
"../../../../../../Users/S177026/Documents/ILP-HUB/ILP_Hub/Content/Scenes/5_Cinematics.umap" 308
"../../../../../../Users/S177026/Documents/ILP-HUB/ILP_Hub/Content/Scenes/Level_Envieronment_Showcase_BuiltData.uasset" 309
"../../../../../../Users/S177026/Documents/ILP-HUB/ILP_Hub/Content/Scenes/Level_Envieronment_Showcase.umap" 310
"../../../Engine/Content/Maps/Entry_BuiltData.uasset" 311
"../../../Engine/Content/Maps/Entry.umap" 312
